<?xml version="1.0" encoding="UTF-8"?>
<!-- Generated by org.testng.reporters.JUnitXMLReporter -->
<testsuite hostname="LAPTOP-GDVJRS9M" ignored="1" name="Default test" tests="1" failures="0" timestamp="15 May 2017 02:28:30 GMT" time="62.924" errors="0">
  <testcase name="loginWithInvaildDetails" time="20.28" classname="Test.LoginTest"/>
  <testcase name="loginWithVaildDetails" time="0.0" classname="Test.LoginTest">
    <ignored/>
  </testcase> <!-- loginWithVaildDetails -->
</testsuite> <!-- Default test -->
