<?xml version="1.0" encoding="UTF-8"?>
<testng-results skipped="0" failed="0" ignored="0" total="2" passed="2">
  <reporter-output>
  </reporter-output>
  <suite name="Login" duration-ms="27547" started-at="2017-05-15T05:04:44Z" finished-at="2017-05-15T05:05:11Z">
    <groups>
    </groups>
    <test name="Log in" duration-ms="27547" started-at="2017-05-15T05:04:44Z" finished-at="2017-05-15T05:05:11Z">
      <class name="Test.LoginTest">
        <test-method status="PASS" signature="startingReport()[pri:0, instance:Test.LoginTest@57baeedf]" name="startingReport" is-config="true" duration-ms="182" started-at="2017-05-15T06:04:44Z" finished-at="2017-05-15T06:04:44Z">
          <reporter-output>
          </reporter-output>
        </test-method> <!-- startingReport -->
        <test-method status="PASS" signature="browser()[pri:0, instance:Test.LoginTest@57baeedf]" name="browser" is-config="true" duration-ms="6095" started-at="2017-05-15T06:04:44Z" finished-at="2017-05-15T06:04:50Z">
          <reporter-output>
          </reporter-output>
        </test-method> <!-- browser -->
        <test-method status="PASS" signature="loginWithVaildDetails()[pri:0, instance:Test.LoginTest@57baeedf]" name="loginWithVaildDetails" duration-ms="6663" started-at="2017-05-15T06:04:50Z" finished-at="2017-05-15T06:04:56Z">
          <reporter-output>
          </reporter-output>
        </test-method> <!-- loginWithVaildDetails -->
        <test-method status="PASS" signature="tearDown(org.testng.ITestResult)[pri:0, instance:Test.LoginTest@57baeedf]" name="tearDown" is-config="true" duration-ms="973" started-at="2017-05-15T06:04:56Z" finished-at="2017-05-15T06:04:57Z">
          <params>
            <param index="0">
              <value>
                <![CDATA[[TestResult name=loginWithVaildDetails status=SUCCESS method=LoginTest.loginWithVaildDetails()[pri:0, instance:Test.LoginTest@57baeedf] output={null}]]]>
              </value>
            </param>
          </params>
          <reporter-output>
          </reporter-output>
        </test-method> <!-- tearDown -->
        <test-method status="PASS" signature="browser()[pri:0, instance:Test.LoginTest@57baeedf]" name="browser" is-config="true" duration-ms="5973" started-at="2017-05-15T06:04:57Z" finished-at="2017-05-15T06:05:03Z">
          <reporter-output>
          </reporter-output>
        </test-method> <!-- browser -->
        <test-method status="PASS" signature="loginWithInvaildDetails()[pri:0, instance:Test.LoginTest@57baeedf]" name="loginWithInvaildDetails" duration-ms="6628" started-at="2017-05-15T06:05:03Z" finished-at="2017-05-15T06:05:10Z">
          <reporter-output>
          </reporter-output>
        </test-method> <!-- loginWithInvaildDetails -->
        <test-method status="PASS" signature="tearDown(org.testng.ITestResult)[pri:0, instance:Test.LoginTest@57baeedf]" name="tearDown" is-config="true" duration-ms="819" started-at="2017-05-15T06:05:10Z" finished-at="2017-05-15T06:05:11Z">
          <params>
            <param index="0">
              <value>
                <![CDATA[[TestResult name=loginWithInvaildDetails status=SUCCESS method=LoginTest.loginWithInvaildDetails()[pri:0, instance:Test.LoginTest@57baeedf] output={null}]]]>
              </value>
            </param>
          </params>
          <reporter-output>
          </reporter-output>
        </test-method> <!-- tearDown -->
        <test-method status="PASS" signature="endingReport()[pri:0, instance:Test.LoginTest@57baeedf]" name="endingReport" is-config="true" duration-ms="200" started-at="2017-05-15T06:05:11Z" finished-at="2017-05-15T06:05:11Z">
          <reporter-output>
          </reporter-output>
        </test-method> <!-- endingReport -->
      </class> <!-- Test.LoginTest -->
    </test> <!-- Log in -->
  </suite> <!-- Login -->
</testng-results>
